marmooo.github.io
kanji-meiro
kana-meiro
jukugo3-sagashi
kana-sagashi
kanji-siritori
kana-siritori
touch-kanji
touch-shuji
touch-shodo
touch-50on
kotoba-quiz
speecha
vocabee
sentency
touch-abc
english-quiz
talk-quiz-en
type-numbers
talk-numbers
tegaki-abc
talk-abc
tegaki-phonics
talk-phonics
pronounce-dojo
pronounce-talk
calc-and-type
calc-and-talk
tegaki-de-anzan
type-de-anzan
tegaki-100masu
type-100masu
tegaki-kanji-search
kanji-dict
homonym-ja
spelling-variants-ja
easy-timer
hageda
aiueo-typing
kanji-typing
abc-typing
phonics-typing
english-words-typing
english-sentences-typing
shogi-beginners
kifu-viewer
chess-clock
photo-scanner
barcode-memo
simple-qr
