https://github.com/twbs/bootstrap
https://github.com/tensorflow/tfjs
https://github.com/szimek/signature_pad
https://github.com/animate-css/animate.css
https://github.com/chartjs/Chart.js
https://github.com/hodgef/simple-keyboard
https://github.com/richtr/NoSleep.js
https://github.com/maslick/koder
https://github.com/soldair/node-qrcode
https://github.com/desandro/draggabilly
https://github.com/syt123450/giojs
https://github.com/mrdoob/three.js
https://github.com/phiresky/sql.js-httpvfs
https://github.com/fxsjy/jieba
https://github.com/hotoo/pinyin
https://github.com/parsimonhi/animCJK
https://github.com/KanjiVG/kanjivg
https://github.com/maxwellito/vivus
https://github.com/denodrivers/sqlite3
https://github.com/kraaden/autocomplete
https://github.com/wenzhixin/bootstrap-table
https://github.com/jquery/jquery
https://github.com/dobtco/jquery-resizable-columns
https://github.com/paulrosen/abcjs
https://github.com/magenta/magenta-js
https://github.com/Tonejs/Tone.js
https://github.com/jet2jet/js-synthesizer
https://github.com/grimmdude/MidiWriterJS
https://github.com/geolonia/japanese-numeral
https://github.com/alexei/sprintf.js
https://github.com/marlun78/number-to-words
https://github.com/eta-dev/eta
https://github.com/fabricjs/fabric.js
