github.com:marmooo/plot-icon
github.com:marmooo/plot-kanji
github.com:marmooo/touch-kanji
github.com:marmooo/touch-shuji
github.com:marmooo/touch-shodo
github.com:marmooo/touch-50on
github.com:marmooo/kotoba-quiz
github.com:marmooo/touch-abc
github.com:marmooo/english-quiz
github.com:marmooo/tegaki-abc
github.com:marmooo/tegaki-phonics
github.com:marmooo/plot-icon
github.com:marmooo/plot-kanji
github.com:marmooo/emoji-fill-hole
github.com:marmooo/tegaki-de-anzan
github.com:marmooo/tegaki-100masu
github.com:marmooo/tegaki-50masu
github.com:marmooo/tegaki-kanji-search
github.com:marmooo/tegaki-ime
github.com:marmooo/tegaki-yomi
github.com:marmooo/tegaki-kaki
