marmooo.github.io
kanji-meiro
kana-meiro
jukugo3-sagashi
kana-sagashi
kanji-siritori
kana-siritori
touch-kanji
touch-shuji
touch-shodo
touch-50on
kotoba-quiz
dajare-ondoku
hayakuchi-ondoku
speecha
vocabee
sentency
touch-abc
english-quiz
talk-quiz-en
type-numbers
talk-numbers
tegaki-abc
talk-abc
tegaki-phonics
talk-phonics
pronounce-dojo
pronounce-talk
calc-and-type
calc-and-talk
asmr-phonics
asmr-english-words
tegaki-de-anzan
type-de-anzan
tegaki-100masu
type-100masu
tegaki-kanji-search
easy-timer
flags-quiz
hageda
aiueo-typing
kanji-typing
kuku-typing
abc-typing
phonics-typing
english-words-typing
english-sentences-typing
chess-clock
photo-scanner
barcode-memo
simple-qr
